mode: set
httpbst/tree/safe.go:11.39,13.2 1 0
httpbst/tree/safe.go:15.43,20.2 3 0
httpbst/tree/safe.go:22.43,27.2 3 0
httpbst/tree/safe.go:29.43,34.2 3 0
httpbst/config/config.go:13.44,15.16 2 0
httpbst/config/config.go:19.2,20.52 2 0
httpbst/config/config.go:24.2,24.18 1 0
httpbst/config/config.go:15.16,17.3 1 0
httpbst/config/config.go:20.52,22.3 1 0
httpbst/config/config.go:27.37,28.24 1 0
httpbst/config/config.go:32.2,32.28 1 0
httpbst/config/config.go:36.2,36.12 1 0
httpbst/config/config.go:28.24,30.3 1 0
httpbst/config/config.go:32.28,34.3 1 0
httpbst/handler/handler.go:16.39,18.2 1 0
httpbst/handler/handler.go:24.38,26.2 1 0
httpbst/handler/handler.go:28.50,31.73 2 0
httpbst/handler/handler.go:35.2,35.12 1 0
httpbst/handler/handler.go:31.73,33.3 1 0
httpbst/handler/handler.go:38.50,41.73 2 0
httpbst/handler/handler.go:45.2,45.12 1 0
httpbst/handler/handler.go:41.73,43.3 1 0
httpbst/handler/handler.go:48.50,51.73 2 0
httpbst/handler/handler.go:55.2,55.12 1 0
httpbst/handler/handler.go:51.73,53.3 1 0
httpbst/middleware/validation.go:14.54,16.2 1 0
httpbst/middleware/validation.go:18.78,19.38 1 0
httpbst/middleware/validation.go:19.38,21.43 2 0
httpbst/middleware/validation.go:29.3,29.41 1 0
httpbst/middleware/validation.go:36.3,38.19 2 0
httpbst/middleware/validation.go:21.43,27.4 1 0
httpbst/middleware/validation.go:29.41,34.4 1 0
httpbst/main.go:13.13,15.16 2 0
httpbst/main.go:19.2,19.40 1 0
httpbst/main.go:23.2,40.41 12 0
httpbst/main.go:15.16,16.13 1 0
httpbst/main.go:19.40,20.13 1 0
httpbst/main.go:40.41,41.13 1 0
httpbst/tree/loggable.go:13.62,15.2 1 1
httpbst/tree/loggable.go:17.47,21.2 3 1
httpbst/tree/loggable.go:23.47,27.2 3 1
httpbst/tree/loggable.go:29.47,33.2 3 1
httpbst/tree/pure.go:9.42,14.2 3 1
httpbst/tree/pure.go:16.43,18.2 1 1
httpbst/tree/pure.go:20.43,22.2 1 1
httpbst/tree/pure.go:24.43,26.2 1 1
httpbst/tree/pure.go:28.52,29.14 1 1
httpbst/tree/pure.go:33.2,33.21 1 1
httpbst/tree/pure.go:37.2,37.21 1 1
httpbst/tree/pure.go:41.2,41.13 1 1
httpbst/tree/pure.go:29.14,31.3 1 1
httpbst/tree/pure.go:33.21,35.3 1 1
httpbst/tree/pure.go:37.21,39.3 1 1
httpbst/tree/pure.go:45.55,47.14 2 1
httpbst/tree/pure.go:52.2,52.21 1 1
httpbst/tree/pure.go:56.2,56.21 1 1
httpbst/tree/pure.go:60.2,60.13 1 1
httpbst/tree/pure.go:47.14,50.3 2 1
httpbst/tree/pure.go:52.21,54.3 1 1
httpbst/tree/pure.go:56.21,58.3 1 1
httpbst/tree/pure.go:64.55,66.14 2 1
httpbst/tree/pure.go:70.2,70.21 1 1
httpbst/tree/pure.go:74.2,74.21 1 1
httpbst/tree/pure.go:80.2,80.37 1 1
httpbst/tree/pure.go:85.2,85.37 1 1
httpbst/tree/pure.go:90.2,90.37 1 1
httpbst/tree/pure.go:97.2,101.13 4 1
httpbst/tree/pure.go:66.14,68.3 1 1
httpbst/tree/pure.go:70.21,72.3 1 1
httpbst/tree/pure.go:74.21,76.3 1 1
httpbst/tree/pure.go:80.37,83.3 2 1
httpbst/tree/pure.go:85.37,88.3 2 1
httpbst/tree/pure.go:90.37,93.3 2 1
httpbst/tree/pure.go:109.37,110.25 1 1
httpbst/tree/pure.go:114.2,114.25 1 1
httpbst/tree/pure.go:118.2,118.25 1 1
httpbst/tree/pure.go:125.2,125.25 1 1
httpbst/tree/pure.go:133.2,138.3 2 1
httpbst/tree/pure.go:110.25,112.3 1 1
httpbst/tree/pure.go:114.25,116.3 1 1
httpbst/tree/pure.go:118.25,123.3 1 1
httpbst/tree/pure.go:125.25,131.3 1 1
httpbst/tree/pure.go:141.30,142.19 1 1
httpbst/tree/pure.go:146.2,146.25 1 1
httpbst/tree/pure.go:142.19,144.3 1 1
httpbst/tree/pure.go:149.35,151.31 2 1
httpbst/tree/pure.go:155.2,157.20 3 1
httpbst/tree/pure.go:162.2,162.12 1 1
httpbst/tree/pure.go:151.31,153.3 1 1
httpbst/tree/pure.go:157.20,160.3 2 1
httpbst/tree/pure.go:9.42,14.2 3 0
httpbst/tree/pure.go:16.43,18.2 1 0
httpbst/tree/pure.go:20.43,22.2 1 0
httpbst/tree/pure.go:24.43,26.2 1 0
httpbst/tree/pure.go:28.52,29.14 1 0
httpbst/tree/pure.go:33.2,33.21 1 0
httpbst/tree/pure.go:37.2,37.21 1 0
httpbst/tree/pure.go:41.2,41.13 1 0
httpbst/tree/pure.go:29.14,31.3 1 0
httpbst/tree/pure.go:33.21,35.3 1 0
httpbst/tree/pure.go:37.21,39.3 1 0
httpbst/tree/pure.go:45.55,47.14 2 0
httpbst/tree/pure.go:52.2,52.21 1 0
httpbst/tree/pure.go:56.2,56.21 1 0
httpbst/tree/pure.go:60.2,60.13 1 0
httpbst/tree/pure.go:47.14,50.3 2 0
httpbst/tree/pure.go:52.21,54.3 1 0
httpbst/tree/pure.go:56.21,58.3 1 0
httpbst/tree/pure.go:64.55,66.14 2 0
httpbst/tree/pure.go:70.2,70.21 1 0
httpbst/tree/pure.go:74.2,74.21 1 0
httpbst/tree/pure.go:80.2,80.37 1 0
httpbst/tree/pure.go:85.2,85.37 1 0
httpbst/tree/pure.go:90.2,90.37 1 0
httpbst/tree/pure.go:97.2,101.13 4 0
httpbst/tree/pure.go:66.14,68.3 1 0
httpbst/tree/pure.go:70.21,72.3 1 0
httpbst/tree/pure.go:74.21,76.3 1 0
httpbst/tree/pure.go:80.37,83.3 2 0
httpbst/tree/pure.go:85.37,88.3 2 0
httpbst/tree/pure.go:90.37,93.3 2 0
httpbst/tree/pure.go:109.37,110.25 1 0
httpbst/tree/pure.go:114.2,114.25 1 0
httpbst/tree/pure.go:118.2,118.25 1 0
httpbst/tree/pure.go:125.2,125.25 1 0
httpbst/tree/pure.go:133.2,138.3 2 0
httpbst/tree/pure.go:110.25,112.3 1 0
httpbst/tree/pure.go:114.25,116.3 1 0
httpbst/tree/pure.go:118.25,123.3 1 0
httpbst/tree/pure.go:125.25,131.3 1 0
httpbst/tree/pure.go:141.30,142.19 1 0
httpbst/tree/pure.go:146.2,146.25 1 0
httpbst/tree/pure.go:142.19,144.3 1 0
httpbst/tree/pure.go:149.35,151.31 2 0
httpbst/tree/pure.go:155.2,157.20 3 0
httpbst/tree/pure.go:162.2,162.12 1 0
httpbst/tree/pure.go:151.31,153.3 1 0
httpbst/tree/pure.go:157.20,160.3 2 0
httpbst/tree/safe.go:11.39,13.2 1 0
httpbst/tree/safe.go:15.43,20.2 3 0
httpbst/tree/safe.go:22.43,27.2 3 0
httpbst/tree/safe.go:29.43,34.2 3 0
httpbst/middleware/validation.go:14.54,16.2 1 0
httpbst/middleware/validation.go:18.78,19.38 1 0
httpbst/middleware/validation.go:19.38,21.43 2 0
httpbst/middleware/validation.go:29.3,29.41 1 0
httpbst/middleware/validation.go:36.3,38.19 2 0
httpbst/middleware/validation.go:21.43,27.4 1 0
httpbst/middleware/validation.go:29.41,34.4 1 0
httpbst/main.go:13.13,15.16 2 0
httpbst/main.go:19.2,19.40 1 0
httpbst/main.go:23.2,40.41 12 0
httpbst/main.go:15.16,16.13 1 0
httpbst/main.go:19.40,20.13 1 0
httpbst/main.go:40.41,41.13 1 0
httpbst/handler/handler.go:16.39,18.2 1 1
httpbst/handler/handler.go:24.38,26.2 1 0
httpbst/handler/handler.go:28.50,31.73 2 1
httpbst/handler/handler.go:35.2,35.12 1 1
httpbst/handler/handler.go:31.73,33.3 1 1
httpbst/handler/handler.go:38.50,41.73 2 1
httpbst/handler/handler.go:45.2,45.12 1 1
httpbst/handler/handler.go:41.73,43.3 1 1
httpbst/handler/handler.go:48.50,51.73 2 1
httpbst/handler/handler.go:55.2,55.12 1 1
httpbst/handler/handler.go:51.73,53.3 1 1
httpbst/config/config.go:13.44,15.16 2 0
httpbst/config/config.go:19.2,20.52 2 0
httpbst/config/config.go:24.2,24.18 1 0
httpbst/config/config.go:15.16,17.3 1 0
httpbst/config/config.go:20.52,22.3 1 0
httpbst/config/config.go:27.37,28.24 1 0
httpbst/config/config.go:32.2,32.28 1 0
httpbst/config/config.go:36.2,36.12 1 0
httpbst/config/config.go:28.24,30.3 1 0
httpbst/config/config.go:32.28,34.3 1 0
httpbst/tree/loggable.go:13.62,15.2 1 0
httpbst/tree/loggable.go:17.47,21.2 3 0
httpbst/tree/loggable.go:23.47,27.2 3 0
httpbst/tree/loggable.go:29.47,33.2 3 0
